1:C 08 Jul 2025 16:14:32.596 * oO0OoO0OoO0Oo Redis is starting oO0OoO0OoO0Oo
1:C 08 Jul 2025 16:14:32.597 * Redis version=7.2.10, bits=64, commit=00000000, modified=0, pid=1, just started
1:C 08 Jul 2025 16:14:32.598 * Configuration loaded
1:M 08 Jul 2025 16:14:32.600 * monotonic clock: POSIX clock_gettime
1:M 08 Jul 2025 16:14:32.601 # Failed to write PID file: Permission denied
1:M 08 Jul 2025 16:14:32.603 * Running mode=standalone, port=6379.
1:M 08 Jul 2025 16:14:32.604 * Server initialized
1:M 08 Jul 2025 16:14:32.611 * Creating AOF base file appendonly.aof.1.base.rdb on server start
1:M 08 Jul 2025 16:14:32.618 * Creating AOF incr file appendonly.aof.1.incr.aof on server start
1:M 08 Jul 2025 16:14:32.619 * Ready to accept connections tcp
1:signal-handler (1751987076) Received SIGTERM scheduling shutdown...
1:M 08 Jul 2025 20:04:36.812 * User requested shutdown...
1:M 08 Jul 2025 20:04:36.814 * Calling fsync() on the AOF file.
1:M 08 Jul 2025 20:04:36.817 * Saving the final RDB snapshot before exiting.
1:M 08 Jul 2025 20:04:36.824 * DB saved on disk
1:M 08 Jul 2025 20:04:36.825 * Removing the pid file.
1:M 08 Jul 2025 20:04:36.826 # Redis is now ready to exit, bye bye...
1:C 08 Jul 2025 20:04:38.401 * oO0OoO0OoO0Oo Redis is starting oO0OoO0OoO0Oo
1:C 08 Jul 2025 20:04:38.402 * Redis version=7.2.10, bits=64, commit=00000000, modified=0, pid=1, just started
1:C 08 Jul 2025 20:04:38.403 * Configuration loaded
1:M 08 Jul 2025 20:04:38.404 * monotonic clock: POSIX clock_gettime
1:M 08 Jul 2025 20:04:38.406 # Failed to write PID file: Permission denied
1:M 08 Jul 2025 20:04:38.407 * Running mode=standalone, port=6379.
1:M 08 Jul 2025 20:04:38.409 * Server initialized
1:M 08 Jul 2025 20:04:38.416 * Reading RDB base file on AOF loading...
1:M 08 Jul 2025 20:04:38.417 * Loading RDB produced by version 7.2.10
1:M 08 Jul 2025 20:04:38.418 * RDB age 13806 seconds
1:M 08 Jul 2025 20:04:38.419 * RDB memory usage when created 0.83 Mb
1:M 08 Jul 2025 20:04:38.420 * RDB is base AOF
1:M 08 Jul 2025 20:04:38.421 * Done loading RDB, keys loaded: 0, keys expired: 0.
1:M 08 Jul 2025 20:04:38.423 * DB loaded from base file appendonly.aof.1.base.rdb: 0.007 seconds
1:M 08 Jul 2025 20:04:38.425 * DB loaded from append only file: 0.012 seconds
1:M 08 Jul 2025 20:04:38.427 * Opening AOF incr file appendonly.aof.1.incr.aof on server start
1:M 08 Jul 2025 20:04:38.428 * Ready to accept connections tcp
1:M 09 Jul 2025 22:29:35.761 * 1 changes in 900 seconds. Saving...
1:M 09 Jul 2025 22:29:35.765 * Background saving started by pid 19085
19085:C 09 Jul 2025 22:29:35.774 * DB saved on disk
19085:C 09 Jul 2025 22:29:35.776 * Fork CoW for RDB: current 0 MB, peak 0 MB, average 0 MB
1:M 09 Jul 2025 22:29:35.868 * Background saving terminated with success
1:M 09 Jul 2025 22:44:36.093 * 1 changes in 900 seconds. Saving...
1:M 09 Jul 2025 22:44:36.095 * Background saving started by pid 19266
19266:C 09 Jul 2025 22:44:36.107 * DB saved on disk
19266:C 09 Jul 2025 22:44:36.109 * Fork CoW for RDB: current 0 MB, peak 0 MB, average 0 MB
1:M 09 Jul 2025 22:44:36.197 * Background saving terminated with success
1:M 10 Jul 2025 02:15:22.173 * 1 changes in 900 seconds. Saving...
1:M 10 Jul 2025 02:15:22.175 * Background saving started by pid 21806
21806:C 10 Jul 2025 02:15:22.183 * DB saved on disk
21806:C 10 Jul 2025 02:15:22.185 * Fork CoW for RDB: current 0 MB, peak 0 MB, average 0 MB
1:M 10 Jul 2025 02:15:22.277 * Background saving terminated with success
1:M 10 Jul 2025 02:23:37.793 * 10 changes in 300 seconds. Saving...
1:M 10 Jul 2025 02:23:37.796 * Background saving started by pid 21904
21904:C 10 Jul 2025 02:23:37.802 * DB saved on disk
21904:C 10 Jul 2025 02:23:37.804 * Fork CoW for RDB: current 0 MB, peak 0 MB, average 0 MB
1:M 10 Jul 2025 02:23:37.898 * Background saving terminated with success
1:M 10 Jul 2025 02:28:38.065 * 10 changes in 300 seconds. Saving...
1:M 10 Jul 2025 02:28:38.067 * Background saving started by pid 21965
21965:C 10 Jul 2025 02:28:38.073 * DB saved on disk
21965:C 10 Jul 2025 02:28:38.074 * Fork CoW for RDB: current 0 MB, peak 0 MB, average 0 MB
1:M 10 Jul 2025 02:28:38.169 * Background saving terminated with success
1:M 10 Jul 2025 02:34:53.956 * 10 changes in 300 seconds. Saving...
1:M 10 Jul 2025 02:34:53.958 * Background saving started by pid 22044
22044:C 10 Jul 2025 02:34:53.971 * DB saved on disk
22044:C 10 Jul 2025 02:34:53.972 * Fork CoW for RDB: current 0 MB, peak 0 MB, average 0 MB
1:M 10 Jul 2025 02:34:54.060 * Background saving terminated with success
1:M 10 Jul 2025 03:43:37.053 * 1 changes in 900 seconds. Saving...
1:M 10 Jul 2025 03:43:37.055 * Background saving started by pid 22870
22870:C 10 Jul 2025 03:43:37.061 * DB saved on disk
22870:C 10 Jul 2025 03:43:37.063 * Fork CoW for RDB: current 0 MB, peak 0 MB, average 0 MB
1:M 10 Jul 2025 03:43:37.157 * Background saving terminated with success
1:M 10 Jul 2025 03:48:38.100 * 10 changes in 300 seconds. Saving...
1:M 10 Jul 2025 03:48:38.102 * Background saving started by pid 22932
22932:C 10 Jul 2025 03:48:38.116 * DB saved on disk
22932:C 10 Jul 2025 03:48:38.117 * Fork CoW for RDB: current 0 MB, peak 0 MB, average 0 MB
1:M 10 Jul 2025 03:48:38.205 * Background saving terminated with success
1:M 10 Jul 2025 04:03:39.098 * 1 changes in 900 seconds. Saving...
1:M 10 Jul 2025 04:03:39.100 * Background saving started by pid 23113
23113:C 10 Jul 2025 04:03:39.111 * DB saved on disk
23113:C 10 Jul 2025 04:03:39.112 * Fork CoW for RDB: current 0 MB, peak 0 MB, average 0 MB
1:M 10 Jul 2025 04:03:39.202 * Background saving terminated with success
1:M 10 Jul 2025 04:18:40.001 * 1 changes in 900 seconds. Saving...
1:M 10 Jul 2025 04:18:40.003 * Background saving started by pid 23294
23294:C 10 Jul 2025 04:18:40.015 * DB saved on disk
23294:C 10 Jul 2025 04:18:40.016 * Fork CoW for RDB: current 0 MB, peak 0 MB, average 0 MB
1:M 10 Jul 2025 04:18:40.105 * Background saving terminated with success
1:M 10 Jul 2025 04:24:03.207 * 10 changes in 300 seconds. Saving...
1:M 10 Jul 2025 04:24:03.209 * Background saving started by pid 23361
23361:C 10 Jul 2025 04:24:03.215 * DB saved on disk
23361:C 10 Jul 2025 04:24:03.216 * Fork CoW for RDB: current 0 MB, peak 0 MB, average 0 MB
1:M 10 Jul 2025 04:24:03.311 * Background saving terminated with success
1:M 10 Jul 2025 04:29:04.061 * 10 changes in 300 seconds. Saving...
1:M 10 Jul 2025 04:29:04.064 * Background saving started by pid 23422
23422:C 10 Jul 2025 04:29:04.076 * DB saved on disk
23422:C 10 Jul 2025 04:29:04.078 * Fork CoW for RDB: current 0 MB, peak 0 MB, average 0 MB
1:M 10 Jul 2025 04:29:04.166 * Background saving terminated with success
1:M 10 Jul 2025 04:59:01.292 * 1 changes in 900 seconds. Saving...
1:M 10 Jul 2025 04:59:01.294 * Background saving started by pid 23777
23777:C 10 Jul 2025 04:59:01.301 * DB saved on disk
23777:C 10 Jul 2025 04:59:01.303 * Fork CoW for RDB: current 0 MB, peak 0 MB, average 0 MB
1:M 10 Jul 2025 04:59:01.396 * Background saving terminated with success
1:M 10 Jul 2025 05:04:02.051 * 10 changes in 300 seconds. Saving...
1:M 10 Jul 2025 05:04:02.054 * Background saving started by pid 23838
23838:C 10 Jul 2025 05:04:02.062 * DB saved on disk
23838:C 10 Jul 2025 05:04:02.064 * Fork CoW for RDB: current 0 MB, peak 0 MB, average 0 MB
1:M 10 Jul 2025 05:04:02.156 * Background saving terminated with success
1:M 10 Jul 2025 05:09:03.020 * 10 changes in 300 seconds. Saving...
1:M 10 Jul 2025 05:09:03.022 * Background saving started by pid 23899
23899:C 10 Jul 2025 05:09:03.028 * DB saved on disk
23899:C 10 Jul 2025 05:09:03.029 * Fork CoW for RDB: current 0 MB, peak 0 MB, average 0 MB
1:M 10 Jul 2025 05:09:03.124 * Background saving terminated with success
1:M 10 Jul 2025 05:19:34.832 * 10 changes in 300 seconds. Saving...
1:M 10 Jul 2025 05:19:34.834 * Background saving started by pid 24026
24026:C 10 Jul 2025 05:19:34.841 * DB saved on disk
24026:C 10 Jul 2025 05:19:34.842 * Fork CoW for RDB: current 0 MB, peak 0 MB, average 0 MB
1:M 10 Jul 2025 05:19:34.937 * Background saving terminated with success
1:M 10 Jul 2025 05:24:35.080 * 10 changes in 300 seconds. Saving...
1:M 10 Jul 2025 05:24:35.082 * Background saving started by pid 24087
24087:C 10 Jul 2025 05:24:35.096 * DB saved on disk
24087:C 10 Jul 2025 05:24:35.097 * Fork CoW for RDB: current 0 MB, peak 0 MB, average 0 MB
1:M 10 Jul 2025 05:24:35.184 * Background saving terminated with success
1:M 10 Jul 2025 05:36:15.470 * 10 changes in 300 seconds. Saving...
1:M 10 Jul 2025 05:36:15.472 * Background saving started by pid 24233
24233:C 10 Jul 2025 05:36:15.479 * DB saved on disk
24233:C 10 Jul 2025 05:36:15.480 * Fork CoW for RDB: current 0 MB, peak 0 MB, average 0 MB
1:M 10 Jul 2025 05:36:15.575 * Background saving terminated with success
1:M 10 Jul 2025 05:41:16.034 * 10 changes in 300 seconds. Saving...
1:M 10 Jul 2025 05:41:16.036 * Background saving started by pid 24294
24294:C 10 Jul 2025 05:41:16.047 * DB saved on disk
24294:C 10 Jul 2025 05:41:16.048 * Fork CoW for RDB: current 0 MB, peak 0 MB, average 0 MB
1:M 10 Jul 2025 05:41:16.139 * Background saving terminated with success
1:M 10 Jul 2025 05:56:17.081 * 1 changes in 900 seconds. Saving...
1:M 10 Jul 2025 05:56:17.083 * Background saving started by pid 24475
24475:C 10 Jul 2025 05:56:17.095 * DB saved on disk
24475:C 10 Jul 2025 05:56:17.096 * Fork CoW for RDB: current 0 MB, peak 0 MB, average 0 MB
1:M 10 Jul 2025 05:56:17.185 * Background saving terminated with success
1:M 10 Jul 2025 06:13:21.924 * 1 changes in 900 seconds. Saving...
1:M 10 Jul 2025 06:13:21.926 * Background saving started by pid 24680
24680:C 10 Jul 2025 06:13:21.931 * DB saved on disk
24680:C 10 Jul 2025 06:13:21.932 * Fork CoW for RDB: current 0 MB, peak 0 MB, average 0 MB
1:M 10 Jul 2025 06:13:22.028 * Background saving terminated with success
1:M 10 Jul 2025 06:18:23.020 * 10 changes in 300 seconds. Saving...
1:M 10 Jul 2025 06:18:23.022 * Background saving started by pid 24741
24741:C 10 Jul 2025 06:18:23.035 * DB saved on disk
24741:C 10 Jul 2025 06:18:23.036 * Fork CoW for RDB: current 0 MB, peak 0 MB, average 0 MB
1:M 10 Jul 2025 06:18:23.124 * Background saving terminated with success
1:M 10 Jul 2025 06:23:24.009 * 10 changes in 300 seconds. Saving...
1:M 10 Jul 2025 06:23:24.011 * Background saving started by pid 24802
24802:C 10 Jul 2025 06:23:24.022 * DB saved on disk
24802:C 10 Jul 2025 06:23:24.023 * Fork CoW for RDB: current 0 MB, peak 0 MB, average 0 MB
1:M 10 Jul 2025 06:23:24.113 * Background saving terminated with success
1:M 10 Jul 2025 06:28:25.089 * 10 changes in 300 seconds. Saving...
1:M 10 Jul 2025 06:28:25.091 * Background saving started by pid 24863
24863:C 10 Jul 2025 06:28:25.101 * DB saved on disk
24863:C 10 Jul 2025 06:28:25.103 * Fork CoW for RDB: current 0 MB, peak 0 MB, average 0 MB
1:M 10 Jul 2025 06:28:25.193 * Background saving terminated with success
1:M 10 Jul 2025 06:33:26.098 * 10 changes in 300 seconds. Saving...
1:M 10 Jul 2025 06:33:26.100 * Background saving started by pid 24926
24926:C 10 Jul 2025 06:33:26.112 * DB saved on disk
24926:C 10 Jul 2025 06:33:26.113 * Fork CoW for RDB: current 0 MB, peak 0 MB, average 0 MB
1:M 10 Jul 2025 06:33:26.202 * Background saving terminated with success
1:M 10 Jul 2025 06:38:27.072 * 10 changes in 300 seconds. Saving...
1:M 10 Jul 2025 06:38:27.073 * Background saving started by pid 24988
24988:C 10 Jul 2025 06:38:27.083 * DB saved on disk
24988:C 10 Jul 2025 06:38:27.084 * Fork CoW for RDB: current 0 MB, peak 0 MB, average 0 MB
1:M 10 Jul 2025 06:38:27.179 * Background saving terminated with success
1:M 10 Jul 2025 06:46:18.228 * 10 changes in 300 seconds. Saving...
1:M 10 Jul 2025 06:46:18.230 * Background saving started by pid 25081
25081:C 10 Jul 2025 06:46:18.238 * DB saved on disk
25081:C 10 Jul 2025 06:46:18.240 * Fork CoW for RDB: current 0 MB, peak 0 MB, average 0 MB
1:M 10 Jul 2025 06:46:18.332 * Background saving terminated with success
1:M 10 Jul 2025 06:51:19.020 * 10 changes in 300 seconds. Saving...
1:M 10 Jul 2025 06:51:19.023 * Background saving started by pid 25142
25142:C 10 Jul 2025 06:51:19.030 * DB saved on disk
25142:C 10 Jul 2025 06:51:19.031 * Fork CoW for RDB: current 0 MB, peak 0 MB, average 0 MB
1:M 10 Jul 2025 06:51:19.125 * Background saving terminated with success
1:M 10 Jul 2025 06:56:20.085 * 10 changes in 300 seconds. Saving...
1:M 10 Jul 2025 06:56:20.087 * Background saving started by pid 25203
25203:C 10 Jul 2025 06:56:20.092 * DB saved on disk
25203:C 10 Jul 2025 06:56:20.093 * Fork CoW for RDB: current 0 MB, peak 0 MB, average 0 MB
1:M 10 Jul 2025 06:56:20.189 * Background saving terminated with success
1:M 10 Jul 2025 07:30:47.916 * 1 changes in 900 seconds. Saving...
1:M 10 Jul 2025 07:30:47.918 * Background saving started by pid 25620
25620:C 10 Jul 2025 07:30:47.926 * DB saved on disk
25620:C 10 Jul 2025 07:30:47.927 * Fork CoW for RDB: current 0 MB, peak 0 MB, average 0 MB
1:M 10 Jul 2025 07:30:48.021 * Background saving terminated with success
1:M 10 Jul 2025 07:35:49.017 * 10 changes in 300 seconds. Saving...
1:M 10 Jul 2025 07:35:49.019 * Background saving started by pid 25681
25681:C 10 Jul 2025 07:35:49.032 * DB saved on disk
25681:C 10 Jul 2025 07:35:49.033 * Fork CoW for RDB: current 0 MB, peak 0 MB, average 0 MB
1:M 10 Jul 2025 07:35:49.122 * Background saving terminated with success
1:M 10 Jul 2025 07:53:23.084 * 1 changes in 900 seconds. Saving...
1:M 10 Jul 2025 07:53:23.087 * Background saving started by pid 25893
25893:C 10 Jul 2025 07:53:23.093 * DB saved on disk
25893:C 10 Jul 2025 07:53:23.094 * Fork CoW for RDB: current 0 MB, peak 0 MB, average 0 MB
1:M 10 Jul 2025 07:53:23.189 * Background saving terminated with success
1:M 10 Jul 2025 07:58:24.056 * 10 changes in 300 seconds. Saving...
1:M 10 Jul 2025 07:58:24.058 * Background saving started by pid 25954
25954:C 10 Jul 2025 07:58:24.070 * DB saved on disk
25954:C 10 Jul 2025 07:58:24.071 * Fork CoW for RDB: current 0 MB, peak 0 MB, average 0 MB
1:M 10 Jul 2025 07:58:24.160 * Background saving terminated with success
1:M 10 Jul 2025 09:13:32.852 * 1 changes in 900 seconds. Saving...
1:M 10 Jul 2025 09:13:32.854 * Background saving started by pid 26857
26857:C 10 Jul 2025 09:13:32.860 * DB saved on disk
26857:C 10 Jul 2025 09:13:32.861 * Fork CoW for RDB: current 0 MB, peak 0 MB, average 0 MB
1:M 10 Jul 2025 09:13:32.956 * Background saving terminated with success
1:M 10 Jul 2025 09:18:33.015 * 10 changes in 300 seconds. Saving...
1:M 10 Jul 2025 09:18:33.017 * Background saving started by pid 26918
26918:C 10 Jul 2025 09:18:33.023 * DB saved on disk
26918:C 10 Jul 2025 09:18:33.024 * Fork CoW for RDB: current 0 MB, peak 0 MB, average 0 MB
1:M 10 Jul 2025 09:18:33.120 * Background saving terminated with success
1:M 10 Jul 2025 09:23:34.013 * 10 changes in 300 seconds. Saving...
1:M 10 Jul 2025 09:23:34.015 * Background saving started by pid 26979
26979:C 10 Jul 2025 09:23:34.026 * DB saved on disk
26979:C 10 Jul 2025 09:23:34.027 * Fork CoW for RDB: current 0 MB, peak 0 MB, average 0 MB
1:M 10 Jul 2025 09:23:34.117 * Background saving terminated with success
1:M 10 Jul 2025 09:31:32.783 * 10 changes in 300 seconds. Saving...
1:M 10 Jul 2025 09:31:32.786 * Background saving started by pid 27077
27077:C 10 Jul 2025 09:31:32.798 * DB saved on disk
27077:C 10 Jul 2025 09:31:32.799 * Fork CoW for RDB: current 0 MB, peak 0 MB, average 0 MB
1:M 10 Jul 2025 09:31:32.888 * Background saving terminated with success
1:M 10 Jul 2025 09:36:33.082 * 10 changes in 300 seconds. Saving...
1:M 10 Jul 2025 09:36:33.084 * Background saving started by pid 27138
27138:C 10 Jul 2025 09:36:33.097 * DB saved on disk
27138:C 10 Jul 2025 09:36:33.098 * Fork CoW for RDB: current 0 MB, peak 0 MB, average 0 MB
1:M 10 Jul 2025 09:36:33.187 * Background saving terminated with success
1:M 10 Jul 2025 09:41:34.048 * 10 changes in 300 seconds. Saving...
1:M 10 Jul 2025 09:41:34.050 * Background saving started by pid 27199
27199:C 10 Jul 2025 09:41:34.063 * DB saved on disk
27199:C 10 Jul 2025 09:41:34.065 * Fork CoW for RDB: current 0 MB, peak 0 MB, average 0 MB
1:M 10 Jul 2025 09:41:34.153 * Background saving terminated with success
1:M 10 Jul 2025 09:46:45.938 * 10 changes in 300 seconds. Saving...
1:M 10 Jul 2025 09:46:45.940 * Background saving started by pid 27266
27266:C 10 Jul 2025 09:46:45.946 * DB saved on disk
27266:C 10 Jul 2025 09:46:45.947 * Fork CoW for RDB: current 0 MB, peak 0 MB, average 0 MB
1:M 10 Jul 2025 09:46:46.042 * Background saving terminated with success
1:M 10 Jul 2025 09:51:47.030 * 10 changes in 300 seconds. Saving...
1:M 10 Jul 2025 09:51:47.033 * Background saving started by pid 27328
27328:C 10 Jul 2025 09:51:47.041 * DB saved on disk
27328:C 10 Jul 2025 09:51:47.042 * Fork CoW for RDB: current 0 MB, peak 0 MB, average 0 MB
1:M 10 Jul 2025 09:51:47.135 * Background saving terminated with success
1:M 10 Jul 2025 10:08:42.759 * 1 changes in 900 seconds. Saving...
1:M 10 Jul 2025 10:08:42.760 * Background saving started by pid 27528
27528:C 10 Jul 2025 10:08:42.768 * DB saved on disk
27528:C 10 Jul 2025 10:08:42.769 * Fork CoW for RDB: current 0 MB, peak 0 MB, average 0 MB
1:M 10 Jul 2025 10:08:42.863 * Background saving terminated with success
1:M 10 Jul 2025 10:13:43.081 * 10 changes in 300 seconds. Saving...
1:M 10 Jul 2025 10:13:43.083 * Background saving started by pid 27590
27590:C 10 Jul 2025 10:13:43.093 * DB saved on disk
27590:C 10 Jul 2025 10:13:43.094 * Fork CoW for RDB: current 0 MB, peak 0 MB, average 0 MB
1:M 10 Jul 2025 10:13:43.185 * Background saving terminated with success
1:M 10 Jul 2025 10:18:44.066 * 10 changes in 300 seconds. Saving...
1:M 10 Jul 2025 10:18:44.068 * Background saving started by pid 27651
27651:C 10 Jul 2025 10:18:44.080 * DB saved on disk
27651:C 10 Jul 2025 10:18:44.081 * Fork CoW for RDB: current 0 MB, peak 0 MB, average 0 MB
1:M 10 Jul 2025 10:18:44.171 * Background saving terminated with success
1:M 10 Jul 2025 10:23:45.042 * 10 changes in 300 seconds. Saving...
1:M 10 Jul 2025 10:23:45.045 * Background saving started by pid 27712
27712:C 10 Jul 2025 10:23:45.057 * DB saved on disk
27712:C 10 Jul 2025 10:23:45.058 * Fork CoW for RDB: current 0 MB, peak 0 MB, average 0 MB
1:M 10 Jul 2025 10:23:45.147 * Background saving terminated with success
1:M 10 Jul 2025 10:28:46.051 * 10 changes in 300 seconds. Saving...
1:M 10 Jul 2025 10:28:46.053 * Background saving started by pid 27774
27774:C 10 Jul 2025 10:28:46.065 * DB saved on disk
27774:C 10 Jul 2025 10:28:46.067 * Fork CoW for RDB: current 0 MB, peak 0 MB, average 0 MB
1:M 10 Jul 2025 10:28:46.155 * Background saving terminated with success
1:M 10 Jul 2025 10:33:47.044 * 10 changes in 300 seconds. Saving...
1:M 10 Jul 2025 10:33:47.046 * Background saving started by pid 27835
27835:C 10 Jul 2025 10:33:47.052 * DB saved on disk
27835:C 10 Jul 2025 10:33:47.053 * Fork CoW for RDB: current 0 MB, peak 0 MB, average 0 MB
1:M 10 Jul 2025 10:33:47.148 * Background saving terminated with success
1:M 10 Jul 2025 10:38:48.040 * 10 changes in 300 seconds. Saving...
1:M 10 Jul 2025 10:38:48.043 * Background saving started by pid 27896
27896:C 10 Jul 2025 10:38:48.056 * DB saved on disk
27896:C 10 Jul 2025 10:38:48.058 * Fork CoW for RDB: current 0 MB, peak 0 MB, average 0 MB
1:M 10 Jul 2025 10:38:48.146 * Background saving terminated with success
1:M 10 Jul 2025 10:43:49.034 * 10 changes in 300 seconds. Saving...
1:M 10 Jul 2025 10:43:49.036 * Background saving started by pid 27957
27957:C 10 Jul 2025 10:43:49.049 * DB saved on disk
27957:C 10 Jul 2025 10:43:49.050 * Fork CoW for RDB: current 0 MB, peak 0 MB, average 0 MB
1:M 10 Jul 2025 10:43:49.138 * Background saving terminated with success
1:M 10 Jul 2025 11:02:33.950 * 1 changes in 900 seconds. Saving...
1:M 10 Jul 2025 11:02:33.952 * Background saving started by pid 28187
28187:C 10 Jul 2025 11:02:33.959 * DB saved on disk
28187:C 10 Jul 2025 11:02:33.961 * Fork CoW for RDB: current 0 MB, peak 0 MB, average 0 MB
1:M 10 Jul 2025 11:02:34.054 * Background saving terminated with success
1:M 10 Jul 2025 11:07:35.064 * 10 changes in 300 seconds. Saving...
1:M 10 Jul 2025 11:07:35.067 * Background saving started by pid 28249
28249:C 10 Jul 2025 11:07:35.078 * DB saved on disk
28249:C 10 Jul 2025 11:07:35.079 * Fork CoW for RDB: current 0 MB, peak 0 MB, average 0 MB
1:M 10 Jul 2025 11:07:35.169 * Background saving terminated with success
1:M 10 Jul 2025 11:12:36.096 * 10 changes in 300 seconds. Saving...
1:M 10 Jul 2025 11:12:36.098 * Background saving started by pid 28310
28310:C 10 Jul 2025 11:12:36.110 * DB saved on disk
28310:C 10 Jul 2025 11:12:36.112 * Fork CoW for RDB: current 0 MB, peak 0 MB, average 0 MB
1:M 10 Jul 2025 11:12:36.200 * Background saving terminated with success
1:M 10 Jul 2025 12:05:12.600 * 1 changes in 900 seconds. Saving...
1:M 10 Jul 2025 12:05:12.601 * Background saving started by pid 28943
28943:C 10 Jul 2025 12:05:12.608 * DB saved on disk
28943:C 10 Jul 2025 12:05:12.609 * Fork CoW for RDB: current 0 MB, peak 0 MB, average 0 MB
1:M 10 Jul 2025 12:05:12.703 * Background saving terminated with success
1:M 10 Jul 2025 12:10:13.099 * 10 changes in 300 seconds. Saving...
1:M 10 Jul 2025 12:10:13.101 * Background saving started by pid 29005
29005:C 10 Jul 2025 12:10:13.113 * DB saved on disk
29005:C 10 Jul 2025 12:10:13.114 * Fork CoW for RDB: current 0 MB, peak 0 MB, average 0 MB
1:M 10 Jul 2025 12:10:13.203 * Background saving terminated with success
